<?xml version="1.0" encoding="UTF-8"?>
<coverage generated="1712370426212" clover="3.2.0">
  <project timestamp="1712370426212" name="All files">
    <metrics statements="28" coveredstatements="15" conditionals="6" coveredconditionals="4" methods="21" coveredmethods="6" elements="55" coveredelements="25" complexity="0" loc="28" ncloc="28" packages="2" files="2" classes="2"/>
    <package name="streambe-app">
      <metrics statements="25" coveredstatements="12" conditionals="4" coveredconditionals="2" methods="20" coveredmethods="5"/>
      <file name="App.js" path="C:\Users\Walter\react-native\streambe-app\App.js">
        <metrics statements="25" coveredstatements="12" conditionals="4" coveredconditionals="2" methods="20" coveredmethods="5"/>
        <line num="13" count="1" type="stmt"/>
        <line num="14" count="1" type="stmt"/>
        <line num="16" count="1" type="stmt"/>
        <line num="17" count="2" type="stmt"/>
        <line num="20" count="2" type="stmt"/>
        <line num="26" count="1" type="stmt"/>
        <line num="27" count="0" type="stmt"/>
        <line num="48" count="0" type="stmt"/>
        <line num="60" count="0" type="stmt"/>
        <line num="77" count="2" type="stmt"/>
        <line num="79" count="2" type="stmt"/>
        <line num="80" count="2" type="stmt"/>
        <line num="82" count="2" type="cond" truecount="1" falsecount="1"/>
        <line num="83" count="2" type="stmt"/>
        <line num="87" count="0" type="stmt"/>
        <line num="91" count="2" type="stmt"/>
        <line num="114" count="0" type="stmt"/>
        <line num="116" count="0" type="stmt"/>
        <line num="121" count="0" type="stmt"/>
        <line num="125" count="0" type="stmt"/>
        <line num="133" count="0" type="stmt"/>
        <line num="139" count="0" type="stmt"/>
        <line num="141" count="0" type="stmt"/>
        <line num="146" count="0" type="stmt"/>
        <line num="150" count="0" type="stmt"/>
      </file>
    </package>
    <package name="streambe-app.components">
      <metrics statements="3" coveredstatements="3" conditionals="2" coveredconditionals="2" methods="1" coveredmethods="1"/>
      <file name="Item.js" path="C:\Users\Walter\react-native\streambe-app\components\Item.js">
        <metrics statements="3" coveredstatements="3" conditionals="2" coveredconditionals="2" methods="1" coveredmethods="1"/>
        <line num="5" count="2" type="stmt"/>
        <line num="6" count="4" type="stmt"/>
        <line num="19" count="2" type="stmt"/>
      </file>
    </package>
  </project>
</coverage>
