{"C:\\Users\\Walter\\react-native\\streambe-app\\App.js": {"path":"C:\\Users\\Walter\\react-native\\streambe-app\\App.js","statementMap":{"0":{"start":{"line":13,"column":12},"end":{"line":13,"column":38}},"1":{"start":{"line":14,"column":14},"end":{"line":14,"column":36}},"2":{"start":{"line":16,"column":19},"end":{"line":24,"column":1}},"3":{"start":{"line":17,"column":2},"end":{"line":23,"column":4}},"4":{"start":{"line":20,"column":20},"end":{"line":20,"column":70}},"5":{"start":{"line":26,"column":18},"end":{"line":74,"column":1}},"6":{"start":{"line":27,"column":2},"end":{"line":73,"column":20}},"7":{"start":{"line":48,"column":10},"end":{"line":57,"column":17}},"8":{"start":{"line":60,"column":10},"end":{"line":68,"column":17}},"9":{"start":{"line":77,"column":38},"end":{"line":77,"column":53}},"10":{"start":{"line":79,"column":2},"end":{"line":89,"column":9}},"11":{"start":{"line":80,"column":4},"end":{"line":88,"column":8}},"12":{"start":{"line":82,"column":8},"end":{"line":84,"column":9}},"13":{"start":{"line":83,"column":10},"end":{"line":83,"column":42}},"14":{"start":{"line":87,"column":8},"end":{"line":87,"column":71}},"15":{"start":{"line":91,"column":2},"end":{"line":157,"column":4}},"16":{"start":{"line":114,"column":30},"end":{"line":118,"column":13}},"17":{"start":{"line":116,"column":16},"end":{"line":116,"column":35}},"18":{"start":{"line":121,"column":16},"end":{"line":121,"column":76}},"19":{"start":{"line":125,"column":19},"end":{"line":125,"column":23}},"20":{"start":{"line":133,"column":16},"end":{"line":133,"column":71}},"21":{"start":{"line":139,"column":30},"end":{"line":143,"column":13}},"22":{"start":{"line":141,"column":16},"end":{"line":141,"column":35}},"23":{"start":{"line":146,"column":16},"end":{"line":146,"column":76}},"24":{"start":{"line":150,"column":19},"end":{"line":150,"column":23}}},"fnMap":{"0":{"name":"(anonymous_0)","decl":{"start":{"line":16,"column":19},"end":{"line":16,"column":20}},"loc":{"start":{"line":16,"column":42},"end":{"line":24,"column":1}},"line":16},"1":{"name":"(anonymous_1)","decl":{"start":{"line":20,"column":9},"end":{"line":20,"column":10}},"loc":{"start":{"line":20,"column":20},"end":{"line":20,"column":70}},"line":20},"2":{"name":"(anonymous_2)","decl":{"start":{"line":26,"column":18},"end":{"line":26,"column":19}},"loc":{"start":{"line":27,"column":2},"end":{"line":73,"column":20}},"line":27},"3":{"name":"(anonymous_3)","decl":{"start":{"line":47,"column":20},"end":{"line":47,"column":21}},"loc":{"start":{"line":48,"column":10},"end":{"line":57,"column":17}},"line":48},"4":{"name":"(anonymous_4)","decl":{"start":{"line":55,"column":23},"end":{"line":55,"column":24}},"loc":{"start":{"line":55,"column":29},"end":{"line":55,"column":31}},"line":55},"5":{"name":"(anonymous_5)","decl":{"start":{"line":59,"column":21},"end":{"line":59,"column":22}},"loc":{"start":{"line":60,"column":10},"end":{"line":68,"column":17}},"line":60},"6":{"name":"(anonymous_6)","decl":{"start":{"line":66,"column":23},"end":{"line":66,"column":24}},"loc":{"start":{"line":66,"column":29},"end":{"line":66,"column":31}},"line":66},"7":{"name":"App","decl":{"start":{"line":76,"column":24},"end":{"line":76,"column":27}},"loc":{"start":{"line":76,"column":30},"end":{"line":158,"column":1}},"line":76},"8":{"name":"(anonymous_8)","decl":{"start":{"line":79,"column":12},"end":{"line":79,"column":13}},"loc":{"start":{"line":79,"column":18},"end":{"line":89,"column":3}},"line":79},"9":{"name":"(anonymous_9)","decl":{"start":{"line":81,"column":12},"end":{"line":81,"column":13}},"loc":{"start":{"line":81,"column":23},"end":{"line":85,"column":7}},"line":81},"10":{"name":"(anonymous_10)","decl":{"start":{"line":86,"column":13},"end":{"line":86,"column":14}},"loc":{"start":{"line":87,"column":8},"end":{"line":87,"column":71}},"line":87},"11":{"name":"(anonymous_11)","decl":{"start":{"line":114,"column":23},"end":{"line":114,"column":24}},"loc":{"start":{"line":114,"column":30},"end":{"line":118,"column":13}},"line":114},"12":{"name":"(anonymous_12)","decl":{"start":{"line":115,"column":24},"end":{"line":115,"column":25}},"loc":{"start":{"line":115,"column":31},"end":{"line":117,"column":15}},"line":115},"13":{"name":"(anonymous_13)","decl":{"start":{"line":120,"column":26},"end":{"line":120,"column":27}},"loc":{"start":{"line":121,"column":16},"end":{"line":121,"column":76}},"line":121},"14":{"name":"(anonymous_14)","decl":{"start":{"line":125,"column":13},"end":{"line":125,"column":14}},"loc":{"start":{"line":125,"column":19},"end":{"line":125,"column":23}},"line":125},"15":{"name":"(anonymous_15)","decl":{"start":{"line":132,"column":26},"end":{"line":132,"column":27}},"loc":{"start":{"line":133,"column":16},"end":{"line":133,"column":71}},"line":133},"16":{"name":"(anonymous_16)","decl":{"start":{"line":139,"column":23},"end":{"line":139,"column":24}},"loc":{"start":{"line":139,"column":30},"end":{"line":143,"column":13}},"line":139},"17":{"name":"(anonymous_17)","decl":{"start":{"line":140,"column":24},"end":{"line":140,"column":25}},"loc":{"start":{"line":140,"column":31},"end":{"line":142,"column":15}},"line":140},"18":{"name":"(anonymous_18)","decl":{"start":{"line":145,"column":26},"end":{"line":145,"column":27}},"loc":{"start":{"line":146,"column":16},"end":{"line":146,"column":76}},"line":146},"19":{"name":"(anonymous_19)","decl":{"start":{"line":150,"column":13},"end":{"line":150,"column":14}},"loc":{"start":{"line":150,"column":19},"end":{"line":150,"column":23}},"line":150}},"branchMap":{"0":{"loc":{"start":{"line":82,"column":8},"end":{"line":84,"column":9}},"type":"if","locations":[{"start":{"line":82,"column":8},"end":{"line":84,"column":9}},{"start":{},"end":{}}],"line":82},"1":{"loc":{"start":{"line":93,"column":7},"end":{"line":155,"column":7}},"type":"cond-expr","locations":[{"start":{"line":94,"column":8},"end":{"line":152,"column":24}},{"start":{"line":154,"column":8},"end":{"line":154,"column":52}}],"line":93}},"s":{"0":1,"1":1,"2":1,"3":2,"4":2,"5":1,"6":0,"7":0,"8":0,"9":2,"10":2,"11":2,"12":2,"13":2,"14":0,"15":2,"16":0,"17":0,"18":0,"19":0,"20":0,"21":0,"22":0,"23":0,"24":0},"f":{"0":2,"1":2,"2":0,"3":0,"4":0,"5":0,"6":0,"7":2,"8":2,"9":2,"10":0,"11":0,"12":0,"13":0,"14":0,"15":0,"16":0,"17":0,"18":0,"19":0},"b":{"0":[2,0],"1":[0,2]},"_coverageSchema":"1a1c01bbd47fc00a2c39e90264f33305004495a9","hash":"73733c7560e98e3baca392de99e6b46b369c20ae"}
,"C:\\Users\\Walter\\react-native\\streambe-app\\components\\Item.js": {"path":"C:\\Users\\Walter\\react-native\\streambe-app\\components\\Item.js","statementMap":{"0":{"start":{"line":5,"column":13},"end":{"line":17,"column":1}},"1":{"start":{"line":6,"column":2},"end":{"line":16,"column":4}},"2":{"start":{"line":19,"column":15},"end":{"line":45,"column":2}}},"fnMap":{"0":{"name":"(anonymous_0)","decl":{"start":{"line":5,"column":13},"end":{"line":5,"column":14}},"loc":{"start":{"line":5,"column":36},"end":{"line":17,"column":1}},"line":5}},"branchMap":{"0":{"loc":{"start":{"line":8,"column":9},"end":{"line":12,"column":7}},"type":"cond-expr","locations":[{"start":{"line":9,"column":8},"end":{"line":9,"column":86}},{"start":{"line":11,"column":8},"end":{"line":11,"column":104}}],"line":8}},"s":{"0":2,"1":4,"2":2},"f":{"0":4},"b":{"0":[3,1]},"_coverageSchema":"1a1c01bbd47fc00a2c39e90264f33305004495a9","hash":"407b26cbf982cf81a91b4ed7e97e724f2b121092"}
}
