TN:
SF:App.js
FN:16,(anonymous_0)
FN:20,(anonymous_1)
FN:26,(anonymous_2)
FN:47,(anonymous_3)
FN:55,(anonymous_4)
FN:59,(anonymous_5)
FN:66,(anonymous_6)
FN:76,App
FN:79,(anonymous_8)
FN:81,(anonymous_9)
FN:86,(anonymous_10)
FN:114,(anonymous_11)
FN:115,(anonymous_12)
FN:120,(anonymous_13)
FN:125,(anonymous_14)
FN:132,(anonymous_15)
FN:139,(anonymous_16)
FN:140,(anonymous_17)
FN:145,(anonymous_18)
FN:150,(anonymous_19)
FNF:20
FNH:5
FNDA:2,(anonymous_0)
FNDA:2,(anonymous_1)
FNDA:0,(anonymous_2)
FNDA:0,(anonymous_3)
FNDA:0,(anonymous_4)
FNDA:0,(anonymous_5)
FNDA:0,(anonymous_6)
FNDA:2,App
FNDA:2,(anonymous_8)
FNDA:2,(anonymous_9)
FNDA:0,(anonymous_10)
FNDA:0,(anonymous_11)
FNDA:0,(anonymous_12)
FNDA:0,(anonymous_13)
FNDA:0,(anonymous_14)
FNDA:0,(anonymous_15)
FNDA:0,(anonymous_16)
FNDA:0,(anonymous_17)
FNDA:0,(anonymous_18)
FNDA:0,(anonymous_19)
DA:13,1
DA:14,1
DA:16,1
DA:17,2
DA:20,2
DA:26,1
DA:27,0
DA:48,0
DA:60,0
DA:77,2
DA:79,2
DA:80,2
DA:82,2
DA:83,2
DA:87,0
DA:91,2
DA:114,0
DA:116,0
DA:121,0
DA:125,0
DA:133,0
DA:139,0
DA:141,0
DA:146,0
DA:150,0
LF:25
LH:12
BRDA:82,0,0,2
BRDA:82,0,1,0
BRDA:93,1,0,0
BRDA:93,1,1,2
BRF:4
BRH:2
end_of_record
TN:
SF:components\Item.js
FN:5,(anonymous_0)
FNF:1
FNH:1
FNDA:4,(anonymous_0)
DA:5,2
DA:6,4
DA:19,2
LF:3
LH:3
BRDA:8,0,0,3
BRDA:8,0,1,1
BRF:2
BRH:2
end_of_record
